<?xml version="1.0" encoding="UTF-8"?>
<testsuite xmlns:xsi="http://www.w3.org/2001/XMLSchema-instance" xsi:noNamespaceSchemaLocation="https://maven.apache.org/surefire/maven-surefire-plugin/xsd/surefire-test-report.xsd" version="3.0.1" name="com.byoskill.AppTest" time="0.063" tests="1" errors="0" skipped="0" failures="0">
  <properties>
    <property name="sun.desktop" value="gnome"/>
    <property name="awt.toolkit" value="sun.awt.X11.XToolkit"/>
    <property name="file.encoding.pkg" value="sun.io"/>
    <property name="java.specification.version" value="1.8"/>
    <property name="sun.cpu.isalist" value=""/>
    <property name="sun.jnu.encoding" value="UTF-8"/>
    <property name="java.class.path" value="/home/sleroy/git/jbpmn-samples/pretimmobilier/target/test-classes:/home/sleroy/git/jbpmn-samples/pretimmobilier/target/classes:/home/sleroy/.m2/repository/org/junit/jupiter/junit-jupiter-api/5.11.0/junit-jupiter-api-5.11.0.jar:/home/sleroy/.m2/repository/org/opentest4j/opentest4j/1.3.0/opentest4j-1.3.0.jar:/home/sleroy/.m2/repository/org/junit/platform/junit-platform-commons/1.11.0/junit-platform-commons-1.11.0.jar:/home/sleroy/.m2/repository/org/apiguardian/apiguardian-api/1.1.2/apiguardian-api-1.1.2.jar:/home/sleroy/.m2/repository/org/junit/jupiter/junit-jupiter-params/5.11.0/junit-jupiter-params-5.11.0.jar:/home/sleroy/.m2/repository/org/jbpm/jbpm-flow/6.0.0.Final/jbpm-flow-6.0.0.Final.jar:/home/sleroy/.m2/repository/org/kie/kie-api/6.0.0.Final/kie-api-6.0.0.Final.jar:/home/sleroy/.m2/repository/org/drools/drools-core/6.0.0.Final/drools-core-6.0.0.Final.jar:/home/sleroy/.m2/repository/org/kie/kie-internal/6.0.0.Final/kie-internal-6.0.0.Final.jar:/home/sleroy/.m2/repository/com/google/protobuf/protobuf-java/2.5.0/protobuf-java-2.5.0.jar:/home/sleroy/.m2/repository/joda-time/joda-time/1.6.2/joda-time-1.6.2.jar:/home/sleroy/.m2/repository/org/jbpm/jbpm-flow-builder/6.0.0.Final/jbpm-flow-builder-6.0.0.Final.jar:/home/sleroy/.m2/repository/org/drools/drools-compiler/6.0.0.Final/drools-compiler-6.0.0.Final.jar:/home/sleroy/.m2/repository/org/antlr/antlr-runtime/3.5/antlr-runtime-3.5.jar:/home/sleroy/.m2/repository/org/eclipse/jdt/core/compiler/ecj/3.7.2/ecj-3.7.2.jar:/home/sleroy/.m2/repository/com/thoughtworks/xstream/xstream/1.4.3/xstream-1.4.3.jar:/home/sleroy/.m2/repository/xmlpull/xmlpull/1.1.3.1/xmlpull-1.1.3.1.jar:/home/sleroy/.m2/repository/xpp3/xpp3_min/1.1.4c/xpp3_min-1.1.4c.jar:/home/sleroy/.m2/repository/org/jbpm/jbpm-bpmn2/6.0.0.Final/jbpm-bpmn2-6.0.0.Final.jar:/home/sleroy/.m2/repository/org/jbpm/jbpm-persistence-jpa/6.0.0.Final/jbpm-persistence-jpa-6.0.0.Final.jar:/home/sleroy/.m2/repository/org/drools/drools-persistence-jpa/6.0.0.Final/drools-persistence-jpa-6.0.0.Final.jar:/home/sleroy/.m2/repository/org/hibernate/javax/persistence/hibernate-jpa-2.0-api/1.0.1.Final/hibernate-jpa-2.0-api-1.0.1.Final.jar:/home/sleroy/.m2/repository/org/jbpm/jbpm-human-task-core/6.0.0.Final/jbpm-human-task-core-6.0.0.Final.jar:/home/sleroy/.m2/repository/org/jboss/seam/transaction/seam-transaction/3.1.0.Final/seam-transaction-3.1.0.Final.jar:/home/sleroy/.m2/repository/org/jboss/spec/javax/servlet/jboss-servlet-api_3.0_spec/1.0.0.Final/jboss-servlet-api_3.0_spec-1.0.0.Final.jar:/home/sleroy/.m2/repository/org/jboss/seam/transaction/seam-transaction-api/3.1.0.Final/seam-transaction-api-3.1.0.Final.jar:/home/sleroy/.m2/repository/org/jboss/solder/solder-impl/3.1.0.Final/solder-impl-3.1.0.Final.jar:/home/sleroy/.m2/repository/javax/enterprise/cdi-api/1.0-SP4/cdi-api-1.0-SP4.jar:/home/sleroy/.m2/repository/org/jboss/spec/javax/interceptor/jboss-interceptors-api_1.1_spec/1.0.0.Beta1/jboss-interceptors-api_1.1_spec-1.0.0.Beta1.jar:/home/sleroy/.m2/repository/javax/inject/javax.inject/1/javax.inject-1.jar:/home/sleroy/.m2/repository/javax/activation/activation/1.1.1/activation-1.1.1.jar:/home/sleroy/.m2/repository/javax/annotation/jsr250-api/1.0/jsr250-api-1.0.jar:/home/sleroy/.m2/repository/org/mvel/mvel2/2.1.7.Final/mvel2-2.1.7.Final.jar:/home/sleroy/.m2/repository/javax/mail/mail/1.4.5/mail-1.4.5.jar:/home/sleroy/.m2/repository/dom4j/dom4j/1.6.1/dom4j-1.6.1.jar:/home/sleroy/.m2/repository/xml-apis/xml-apis/1.0.b2/xml-apis-1.0.b2.jar:/home/sleroy/.m2/repository/org/javassist/javassist/3.15.0-GA/javassist-3.15.0-GA.jar:/home/sleroy/.m2/repository/org/jbpm/jbpm-runtime-manager/6.0.0.Final/jbpm-runtime-manager-6.0.0.Final.jar:/home/sleroy/.m2/repository/org/jbpm/jbpm-audit/6.0.0.Final/jbpm-audit-6.0.0.Final.jar:/home/sleroy/.m2/repository/org/kie/kie-ci/6.0.0.Final/kie-ci-6.0.0.Final.jar:/home/sleroy/.m2/repository/org/apache/maven/maven-core/3.0.5/maven-core-3.0.5.jar:/home/sleroy/.m2/repository/org/apache/maven/maven-settings/3.0.5/maven-settings-3.0.5.jar:/home/sleroy/.m2/repository/org/apache/maven/maven-settings-builder/3.0.5/maven-settings-builder-3.0.5.jar:/home/sleroy/.m2/repository/org/apache/maven/maven-repository-metadata/3.0.5/maven-repository-metadata-3.0.5.jar:/home/sleroy/.m2/repository/org/apache/maven/maven-artifact/3.0.5/maven-artifact-3.0.5.jar:/home/sleroy/.m2/repository/org/apache/maven/maven-plugin-api/3.0.5/maven-plugin-api-3.0.5.jar:/home/sleroy/.m2/repository/org/apache/maven/maven-model-builder/3.0.5/maven-model-builder-3.0.5.jar:/home/sleroy/.m2/repository/org/apache/maven/maven-aether-provider/3.0.5/maven-aether-provider-3.0.5.jar:/home/sleroy/.m2/repository/org/sonatype/sisu/sisu-inject-plexus/2.3.0/sisu-inject-plexus-2.3.0.jar:/home/sleroy/.m2/repository/org/sonatype/sisu/sisu-inject-bean/2.3.0/sisu-inject-bean-2.3.0.jar:/home/sleroy/.m2/repository/org/sonatype/sisu/sisu-guice/3.1.0/sisu-guice-3.1.0-no_aop.jar:/home/sleroy/.m2/repository/org/sonatype/sisu/sisu-guava/0.9.9/sisu-guava-0.9.9.jar:/home/sleroy/.m2/repository/org/codehaus/plexus/plexus-interpolation/1.14/plexus-interpolation-1.14.jar:/home/sleroy/.m2/repository/org/codehaus/plexus/plexus-utils/2.0.6/plexus-utils-2.0.6.jar:/home/sleroy/.m2/repository/org/codehaus/plexus/plexus-classworlds/2.4/plexus-classworlds-2.4.jar:/home/sleroy/.m2/repository/org/codehaus/plexus/plexus-component-annotations/1.5.5/plexus-component-annotations-1.5.5.jar:/home/sleroy/.m2/repository/org/sonatype/plexus/plexus-sec-dispatcher/1.3/plexus-sec-dispatcher-1.3.jar:/home/sleroy/.m2/repository/org/sonatype/plexus/plexus-cipher/1.4/plexus-cipher-1.4.jar:/home/sleroy/.m2/repository/org/apache/maven/maven-model/3.0.5/maven-model-3.0.5.jar:/home/sleroy/.m2/repository/org/apache/maven/maven-compat/3.0.5/maven-compat-3.0.5.jar:/home/sleroy/.m2/repository/org/apache/maven/wagon/wagon-provider-api/2.4/wagon-provider-api-2.4.jar:/home/sleroy/.m2/repository/org/sonatype/aether/aether-api/1.13.1/aether-api-1.13.1.jar:/home/sleroy/.m2/repository/org/sonatype/aether/aether-util/1.13.1/aether-util-1.13.1.jar:/home/sleroy/.m2/repository/org/sonatype/aether/aether-impl/1.13.1/aether-impl-1.13.1.jar:/home/sleroy/.m2/repository/org/sonatype/aether/aether-spi/1.13.1/aether-spi-1.13.1.jar:/home/sleroy/.m2/repository/org/sonatype/aether/aether-connector-wagon/1.13.1/aether-connector-wagon-1.13.1.jar:/home/sleroy/.m2/repository/org/sonatype/aether/aether-connector-file/1.13.1/aether-connector-file-1.13.1.jar:/home/sleroy/.m2/repository/org/sonatype/maven/wagon-ahc/1.2.1/wagon-ahc-1.2.1.jar:/home/sleroy/.m2/repository/com/ning/async-http-client/1.6.5/async-http-client-1.6.5.jar:/home/sleroy/.m2/repository/org/jboss/netty/netty/3.2.5.Final/netty-3.2.5.Final.jar:/home/sleroy/.m2/repository/org/apache/ant/ant/1.8.2/ant-1.8.2.jar:/home/sleroy/.m2/repository/org/apache/ant/ant-launcher/1.8.2/ant-launcher-1.8.2.jar:/home/sleroy/.m2/repository/org/jbpm/jbpm-human-task-workitems/6.0.0.Final/jbpm-human-task-workitems-6.0.0.Final.jar:/home/sleroy/.m2/repository/org/slf4j/slf4j-api/1.6.4/slf4j-api-1.6.4.jar:/home/sleroy/.m2/repository/org/jbpm/jbpm-shared-services/6.0.0.Final/jbpm-shared-services-6.0.0.Final.jar:/home/sleroy/.m2/repository/javax/transaction/jta/1.1/jta-1.1.jar:/home/sleroy/.m2/repository/org/jboss/solder/solder-api/3.2.1.Final/solder-api-3.2.1.Final.jar:/home/sleroy/.m2/repository/org/jboss/solder/solder-logging/3.2.1.Final/solder-logging-3.2.1.Final.jar:/home/sleroy/.m2/repository/org/jboss/weld/weld-core/1.1.13.Final/weld-core-1.1.13.Final.jar:/home/sleroy/.m2/repository/org/jboss/weld/weld-api/1.1.Final/weld-api-1.1.Final.jar:/home/sleroy/.m2/repository/org/jboss/weld/weld-spi/1.1.Final/weld-spi-1.1.Final.jar:/home/sleroy/.m2/repository/com/google/guava/guava/13.0.1/guava-13.0.1.jar:/home/sleroy/.m2/repository/org/slf4j/slf4j-ext/1.7.2/slf4j-ext-1.7.2.jar:/home/sleroy/.m2/repository/ch/qos/cal10n/cal10n-api/0.7.4/cal10n-api-0.7.4.jar:/home/sleroy/.m2/repository/ch/qos/logback/logback-classic/1.0.9/logback-classic-1.0.9.jar:/home/sleroy/.m2/repository/ch/qos/logback/logback-core/1.0.9/logback-core-1.0.9.jar:/home/sleroy/.m2/repository/junit/junit/4.8.1/junit-4.8.1.jar:/home/sleroy/.m2/repository/org/hibernate/hibernate-entitymanager/4.2.0.Final/hibernate-entitymanager-4.2.0.Final.jar:/home/sleroy/.m2/repository/org/jboss/logging/jboss-logging/3.1.0.GA/jboss-logging-3.1.0.GA.jar:/home/sleroy/.m2/repository/org/jboss/spec/javax/transaction/jboss-transaction-api_1.1_spec/1.0.0.Final/jboss-transaction-api_1.1_spec-1.0.0.Final.jar:/home/sleroy/.m2/repository/org/hibernate/common/hibernate-commons-annotations/4.0.1.Final/hibernate-commons-annotations-4.0.1.Final.jar:/home/sleroy/.m2/repository/org/hibernate/hibernate-core/4.2.0.Final/hibernate-core-4.2.0.Final.jar:/home/sleroy/.m2/repository/antlr/antlr/2.7.7/antlr-2.7.7.jar:/home/sleroy/.m2/repository/com/h2database/h2/1.3.161/h2-1.3.161.jar:/home/sleroy/.m2/repository/org/jboss/narayana/jta/narayana-jta/5.9.0.Final/narayana-jta-5.9.0.Final.jar:/home/sleroy/.m2/repository/org/jboss/jboss-transaction-spi/7.6.0.Final/jboss-transaction-spi-7.6.0.Final.jar:/home/sleroy/.m2/repository/org/jboss/spec/javax/resource/jboss-connector-api_1.7_spec/1.0.0.Final/jboss-connector-api_1.7_spec-1.0.0.Final.jar:"/>
    <property name="java.vm.vendor" value="Private Build"/>
    <property name="sun.arch.data.model" value="64"/>
    <property name="java.vendor.url" value="http://java.oracle.com/"/>
    <property name="user.timezone" value=""/>
    <property name="java.vm.specification.version" value="1.8"/>
    <property name="os.name" value="Linux"/>
    <property name="user.country" value="US"/>
    <property name="sun.java.launcher" value="SUN_STANDARD"/>
    <property name="sun.boot.library.path" value="/usr/lib/jvm/java-8-openjdk-amd64/jre/lib/amd64"/>
    <property name="sun.java.command" value="/home/sleroy/git/jbpmn-samples/pretimmobilier/target/surefire/surefirebooter-20241129112334059_3.jar /home/sleroy/git/jbpmn-samples/pretimmobilier/target/surefire 2024-11-29T11-23-32_520-jvmRun1 surefire-20241129112334059_1tmp surefire_0-20241129112334059_2tmp"/>
    <property name="surefire.test.class.path" value="/home/sleroy/git/jbpmn-samples/pretimmobilier/target/test-classes:/home/sleroy/git/jbpmn-samples/pretimmobilier/target/classes:/home/sleroy/.m2/repository/org/junit/jupiter/junit-jupiter-api/5.11.0/junit-jupiter-api-5.11.0.jar:/home/sleroy/.m2/repository/org/opentest4j/opentest4j/1.3.0/opentest4j-1.3.0.jar:/home/sleroy/.m2/repository/org/junit/platform/junit-platform-commons/1.11.0/junit-platform-commons-1.11.0.jar:/home/sleroy/.m2/repository/org/apiguardian/apiguardian-api/1.1.2/apiguardian-api-1.1.2.jar:/home/sleroy/.m2/repository/org/junit/jupiter/junit-jupiter-params/5.11.0/junit-jupiter-params-5.11.0.jar:/home/sleroy/.m2/repository/org/jbpm/jbpm-flow/6.0.0.Final/jbpm-flow-6.0.0.Final.jar:/home/sleroy/.m2/repository/org/kie/kie-api/6.0.0.Final/kie-api-6.0.0.Final.jar:/home/sleroy/.m2/repository/org/drools/drools-core/6.0.0.Final/drools-core-6.0.0.Final.jar:/home/sleroy/.m2/repository/org/kie/kie-internal/6.0.0.Final/kie-internal-6.0.0.Final.jar:/home/sleroy/.m2/repository/com/google/protobuf/protobuf-java/2.5.0/protobuf-java-2.5.0.jar:/home/sleroy/.m2/repository/joda-time/joda-time/1.6.2/joda-time-1.6.2.jar:/home/sleroy/.m2/repository/org/jbpm/jbpm-flow-builder/6.0.0.Final/jbpm-flow-builder-6.0.0.Final.jar:/home/sleroy/.m2/repository/org/drools/drools-compiler/6.0.0.Final/drools-compiler-6.0.0.Final.jar:/home/sleroy/.m2/repository/org/antlr/antlr-runtime/3.5/antlr-runtime-3.5.jar:/home/sleroy/.m2/repository/org/eclipse/jdt/core/compiler/ecj/3.7.2/ecj-3.7.2.jar:/home/sleroy/.m2/repository/com/thoughtworks/xstream/xstream/1.4.3/xstream-1.4.3.jar:/home/sleroy/.m2/repository/xmlpull/xmlpull/1.1.3.1/xmlpull-1.1.3.1.jar:/home/sleroy/.m2/repository/xpp3/xpp3_min/1.1.4c/xpp3_min-1.1.4c.jar:/home/sleroy/.m2/repository/org/jbpm/jbpm-bpmn2/6.0.0.Final/jbpm-bpmn2-6.0.0.Final.jar:/home/sleroy/.m2/repository/org/jbpm/jbpm-persistence-jpa/6.0.0.Final/jbpm-persistence-jpa-6.0.0.Final.jar:/home/sleroy/.m2/repository/org/drools/drools-persistence-jpa/6.0.0.Final/drools-persistence-jpa-6.0.0.Final.jar:/home/sleroy/.m2/repository/org/hibernate/javax/persistence/hibernate-jpa-2.0-api/1.0.1.Final/hibernate-jpa-2.0-api-1.0.1.Final.jar:/home/sleroy/.m2/repository/org/jbpm/jbpm-human-task-core/6.0.0.Final/jbpm-human-task-core-6.0.0.Final.jar:/home/sleroy/.m2/repository/org/jboss/seam/transaction/seam-transaction/3.1.0.Final/seam-transaction-3.1.0.Final.jar:/home/sleroy/.m2/repository/org/jboss/spec/javax/servlet/jboss-servlet-api_3.0_spec/1.0.0.Final/jboss-servlet-api_3.0_spec-1.0.0.Final.jar:/home/sleroy/.m2/repository/org/jboss/seam/transaction/seam-transaction-api/3.1.0.Final/seam-transaction-api-3.1.0.Final.jar:/home/sleroy/.m2/repository/org/jboss/solder/solder-impl/3.1.0.Final/solder-impl-3.1.0.Final.jar:/home/sleroy/.m2/repository/javax/enterprise/cdi-api/1.0-SP4/cdi-api-1.0-SP4.jar:/home/sleroy/.m2/repository/org/jboss/spec/javax/interceptor/jboss-interceptors-api_1.1_spec/1.0.0.Beta1/jboss-interceptors-api_1.1_spec-1.0.0.Beta1.jar:/home/sleroy/.m2/repository/javax/inject/javax.inject/1/javax.inject-1.jar:/home/sleroy/.m2/repository/javax/activation/activation/1.1.1/activation-1.1.1.jar:/home/sleroy/.m2/repository/javax/annotation/jsr250-api/1.0/jsr250-api-1.0.jar:/home/sleroy/.m2/repository/org/mvel/mvel2/2.1.7.Final/mvel2-2.1.7.Final.jar:/home/sleroy/.m2/repository/javax/mail/mail/1.4.5/mail-1.4.5.jar:/home/sleroy/.m2/repository/dom4j/dom4j/1.6.1/dom4j-1.6.1.jar:/home/sleroy/.m2/repository/xml-apis/xml-apis/1.0.b2/xml-apis-1.0.b2.jar:/home/sleroy/.m2/repository/org/javassist/javassist/3.15.0-GA/javassist-3.15.0-GA.jar:/home/sleroy/.m2/repository/org/jbpm/jbpm-runtime-manager/6.0.0.Final/jbpm-runtime-manager-6.0.0.Final.jar:/home/sleroy/.m2/repository/org/jbpm/jbpm-audit/6.0.0.Final/jbpm-audit-6.0.0.Final.jar:/home/sleroy/.m2/repository/org/kie/kie-ci/6.0.0.Final/kie-ci-6.0.0.Final.jar:/home/sleroy/.m2/repository/org/apache/maven/maven-core/3.0.5/maven-core-3.0.5.jar:/home/sleroy/.m2/repository/org/apache/maven/maven-settings/3.0.5/maven-settings-3.0.5.jar:/home/sleroy/.m2/repository/org/apache/maven/maven-settings-builder/3.0.5/maven-settings-builder-3.0.5.jar:/home/sleroy/.m2/repository/org/apache/maven/maven-repository-metadata/3.0.5/maven-repository-metadata-3.0.5.jar:/home/sleroy/.m2/repository/org/apache/maven/maven-artifact/3.0.5/maven-artifact-3.0.5.jar:/home/sleroy/.m2/repository/org/apache/maven/maven-plugin-api/3.0.5/maven-plugin-api-3.0.5.jar:/home/sleroy/.m2/repository/org/apache/maven/maven-model-builder/3.0.5/maven-model-builder-3.0.5.jar:/home/sleroy/.m2/repository/org/apache/maven/maven-aether-provider/3.0.5/maven-aether-provider-3.0.5.jar:/home/sleroy/.m2/repository/org/sonatype/sisu/sisu-inject-plexus/2.3.0/sisu-inject-plexus-2.3.0.jar:/home/sleroy/.m2/repository/org/sonatype/sisu/sisu-inject-bean/2.3.0/sisu-inject-bean-2.3.0.jar:/home/sleroy/.m2/repository/org/sonatype/sisu/sisu-guice/3.1.0/sisu-guice-3.1.0-no_aop.jar:/home/sleroy/.m2/repository/org/sonatype/sisu/sisu-guava/0.9.9/sisu-guava-0.9.9.jar:/home/sleroy/.m2/repository/org/codehaus/plexus/plexus-interpolation/1.14/plexus-interpolation-1.14.jar:/home/sleroy/.m2/repository/org/codehaus/plexus/plexus-utils/2.0.6/plexus-utils-2.0.6.jar:/home/sleroy/.m2/repository/org/codehaus/plexus/plexus-classworlds/2.4/plexus-classworlds-2.4.jar:/home/sleroy/.m2/repository/org/codehaus/plexus/plexus-component-annotations/1.5.5/plexus-component-annotations-1.5.5.jar:/home/sleroy/.m2/repository/org/sonatype/plexus/plexus-sec-dispatcher/1.3/plexus-sec-dispatcher-1.3.jar:/home/sleroy/.m2/repository/org/sonatype/plexus/plexus-cipher/1.4/plexus-cipher-1.4.jar:/home/sleroy/.m2/repository/org/apache/maven/maven-model/3.0.5/maven-model-3.0.5.jar:/home/sleroy/.m2/repository/org/apache/maven/maven-compat/3.0.5/maven-compat-3.0.5.jar:/home/sleroy/.m2/repository/org/apache/maven/wagon/wagon-provider-api/2.4/wagon-provider-api-2.4.jar:/home/sleroy/.m2/repository/org/sonatype/aether/aether-api/1.13.1/aether-api-1.13.1.jar:/home/sleroy/.m2/repository/org/sonatype/aether/aether-util/1.13.1/aether-util-1.13.1.jar:/home/sleroy/.m2/repository/org/sonatype/aether/aether-impl/1.13.1/aether-impl-1.13.1.jar:/home/sleroy/.m2/repository/org/sonatype/aether/aether-spi/1.13.1/aether-spi-1.13.1.jar:/home/sleroy/.m2/repository/org/sonatype/aether/aether-connector-wagon/1.13.1/aether-connector-wagon-1.13.1.jar:/home/sleroy/.m2/repository/org/sonatype/aether/aether-connector-file/1.13.1/aether-connector-file-1.13.1.jar:/home/sleroy/.m2/repository/org/sonatype/maven/wagon-ahc/1.2.1/wagon-ahc-1.2.1.jar:/home/sleroy/.m2/repository/com/ning/async-http-client/1.6.5/async-http-client-1.6.5.jar:/home/sleroy/.m2/repository/org/jboss/netty/netty/3.2.5.Final/netty-3.2.5.Final.jar:/home/sleroy/.m2/repository/org/apache/ant/ant/1.8.2/ant-1.8.2.jar:/home/sleroy/.m2/repository/org/apache/ant/ant-launcher/1.8.2/ant-launcher-1.8.2.jar:/home/sleroy/.m2/repository/org/jbpm/jbpm-human-task-workitems/6.0.0.Final/jbpm-human-task-workitems-6.0.0.Final.jar:/home/sleroy/.m2/repository/org/slf4j/slf4j-api/1.6.4/slf4j-api-1.6.4.jar:/home/sleroy/.m2/repository/org/jbpm/jbpm-shared-services/6.0.0.Final/jbpm-shared-services-6.0.0.Final.jar:/home/sleroy/.m2/repository/javax/transaction/jta/1.1/jta-1.1.jar:/home/sleroy/.m2/repository/org/jboss/solder/solder-api/3.2.1.Final/solder-api-3.2.1.Final.jar:/home/sleroy/.m2/repository/org/jboss/solder/solder-logging/3.2.1.Final/solder-logging-3.2.1.Final.jar:/home/sleroy/.m2/repository/org/jboss/weld/weld-core/1.1.13.Final/weld-core-1.1.13.Final.jar:/home/sleroy/.m2/repository/org/jboss/weld/weld-api/1.1.Final/weld-api-1.1.Final.jar:/home/sleroy/.m2/repository/org/jboss/weld/weld-spi/1.1.Final/weld-spi-1.1.Final.jar:/home/sleroy/.m2/repository/com/google/guava/guava/13.0.1/guava-13.0.1.jar:/home/sleroy/.m2/repository/org/slf4j/slf4j-ext/1.7.2/slf4j-ext-1.7.2.jar:/home/sleroy/.m2/repository/ch/qos/cal10n/cal10n-api/0.7.4/cal10n-api-0.7.4.jar:/home/sleroy/.m2/repository/ch/qos/logback/logback-classic/1.0.9/logback-classic-1.0.9.jar:/home/sleroy/.m2/repository/ch/qos/logback/logback-core/1.0.9/logback-core-1.0.9.jar:/home/sleroy/.m2/repository/junit/junit/4.8.1/junit-4.8.1.jar:/home/sleroy/.m2/repository/org/hibernate/hibernate-entitymanager/4.2.0.Final/hibernate-entitymanager-4.2.0.Final.jar:/home/sleroy/.m2/repository/org/jboss/logging/jboss-logging/3.1.0.GA/jboss-logging-3.1.0.GA.jar:/home/sleroy/.m2/repository/org/jboss/spec/javax/transaction/jboss-transaction-api_1.1_spec/1.0.0.Final/jboss-transaction-api_1.1_spec-1.0.0.Final.jar:/home/sleroy/.m2/repository/org/hibernate/common/hibernate-commons-annotations/4.0.1.Final/hibernate-commons-annotations-4.0.1.Final.jar:/home/sleroy/.m2/repository/org/hibernate/hibernate-core/4.2.0.Final/hibernate-core-4.2.0.Final.jar:/home/sleroy/.m2/repository/antlr/antlr/2.7.7/antlr-2.7.7.jar:/home/sleroy/.m2/repository/com/h2database/h2/1.3.161/h2-1.3.161.jar:/home/sleroy/.m2/repository/org/jboss/narayana/jta/narayana-jta/5.9.0.Final/narayana-jta-5.9.0.Final.jar:/home/sleroy/.m2/repository/org/jboss/jboss-transaction-spi/7.6.0.Final/jboss-transaction-spi-7.6.0.Final.jar:/home/sleroy/.m2/repository/org/jboss/spec/javax/resource/jboss-connector-api_1.7_spec/1.0.0.Final/jboss-connector-api_1.7_spec-1.0.0.Final.jar:"/>
    <property name="sun.cpu.endian" value="little"/>
    <property name="user.home" value="/home/sleroy"/>
    <property name="user.language" value="en"/>
    <property name="java.specification.vendor" value="Oracle Corporation"/>
    <property name="java.home" value="/usr/lib/jvm/java-8-openjdk-amd64/jre"/>
    <property name="basedir" value="/home/sleroy/git/jbpmn-samples/pretimmobilier"/>
    <property name="file.separator" value="/"/>
    <property name="line.separator" value="&#10;"/>
    <property name="java.vm.specification.vendor" value="Oracle Corporation"/>
    <property name="java.specification.name" value="Java Platform API Specification"/>
    <property name="java.awt.graphicsenv" value="sun.awt.X11GraphicsEnvironment"/>
    <property name="surefire.real.class.path" value="/home/sleroy/git/jbpmn-samples/pretimmobilier/target/surefire/surefirebooter-20241129112334059_3.jar"/>
    <property name="sun.boot.class.path" value="/usr/lib/jvm/java-8-openjdk-amd64/jre/lib/resources.jar:/usr/lib/jvm/java-8-openjdk-amd64/jre/lib/rt.jar:/usr/lib/jvm/java-8-openjdk-amd64/jre/lib/sunrsasign.jar:/usr/lib/jvm/java-8-openjdk-amd64/jre/lib/jsse.jar:/usr/lib/jvm/java-8-openjdk-amd64/jre/lib/jce.jar:/usr/lib/jvm/java-8-openjdk-amd64/jre/lib/charsets.jar:/usr/lib/jvm/java-8-openjdk-amd64/jre/lib/jfr.jar:/usr/lib/jvm/java-8-openjdk-amd64/jre/classes"/>
    <property name="sun.management.compiler" value="HotSpot 64-Bit Tiered Compilers"/>
    <property name="java.runtime.version" value="1.8.0_432-8u432-ga~us1-0ubuntu2~22.04-ga"/>
    <property name="user.name" value="sleroy"/>
    <property name="path.separator" value=":"/>
    <property name="os.version" value="6.8.0-1019-aws"/>
    <property name="java.endorsed.dirs" value="/usr/lib/jvm/java-8-openjdk-amd64/jre/lib/endorsed"/>
    <property name="java.runtime.name" value="OpenJDK Runtime Environment"/>
    <property name="file.encoding" value="UTF-8"/>
    <property name="java.vm.name" value="OpenJDK 64-Bit Server VM"/>
    <property name="localRepository" value="/home/sleroy/.m2/repository"/>
    <property name="java.vendor.url.bug" value="http://bugreport.sun.com/bugreport/"/>
    <property name="java.io.tmpdir" value="/tmp"/>
    <property name="java.version" value="1.8.0_432"/>
    <property name="user.dir" value="/home/sleroy/git/jbpmn-samples/pretimmobilier"/>
    <property name="os.arch" value="amd64"/>
    <property name="java.vm.specification.name" value="Java Virtual Machine Specification"/>
    <property name="java.awt.printerjob" value="sun.print.PSPrinterJob"/>
    <property name="sun.os.patch.level" value="unknown"/>
    <property name="java.library.path" value="/usr/java/packages/lib/amd64:/usr/lib/x86_64-linux-gnu/jni:/lib/x86_64-linux-gnu:/usr/lib/x86_64-linux-gnu:/usr/lib/jni:/lib:/usr/lib"/>
    <property name="java.vm.info" value="mixed mode"/>
    <property name="java.vendor" value="Private Build"/>
    <property name="java.vm.version" value="25.432-bga"/>
    <property name="java.specification.maintenance.version" value="6"/>
    <property name="java.ext.dirs" value="/usr/lib/jvm/java-8-openjdk-amd64/jre/lib/ext:/usr/java/packages/lib/ext"/>
    <property name="sun.io.unicode.encoding" value="UnicodeLittle"/>
    <property name="java.class.version" value="52.0"/>
  </properties>
  <testcase name="shouldAnswerWithTrue" classname="com.byoskill.AppTest" time="0.029"/>
</testsuite>